{"/Users/aliaksa/work/Обучение и Курсы/react/2025/2025 Summer/my-react-project/src/App.tsx": {"path":"/Users/aliaksa/work/Обучение и Курсы/react/2025/2025 Summer/my-react-project/src/App.tsx","all":true,"statementMap":{"0":{"start":{"line":1,"column":0},"end":{"line":1,"column":82}},"1":{"start":{"line":2,"column":0},"end":{"line":2,"column":69}},"2":{"start":{"line":3,"column":0},"end":{"line":3,"column":0}},"3":{"start":{"line":4,"column":0},"end":{"line":4,"column":19}},"4":{"start":{"line":5,"column":0},"end":{"line":5,"column":10}},"5":{"start":{"line":6,"column":0},"end":{"line":6,"column":6}},"6":{"start":{"line":7,"column":0},"end":{"line":7,"column":21}},"7":{"start":{"line":8,"column":0},"end":{"line":8,"column":28}},"8":{"start":{"line":9,"column":0},"end":{"line":9,"column":22}},"9":{"start":{"line":10,"column":0},"end":{"line":10,"column":7}},"10":{"start":{"line":11,"column":0},"end":{"line":11,"column":4}},"11":{"start":{"line":12,"column":0},"end":{"line":12,"column":2}},"12":{"start":{"line":13,"column":0},"end":{"line":13,"column":0}},"13":{"start":{"line":14,"column":0},"end":{"line":14,"column":19}}},"s":{"0":0,"1":0,"2":0,"3":0,"4":0,"5":0,"6":0,"7":0,"8":0,"9":0,"10":0,"11":0,"12":0,"13":0},"branchMap":{"0":{"type":"branch","line":1,"loc":{"start":{"line":1,"column":0},"end":{"line":14,"column":19}},"locations":[{"start":{"line":1,"column":0},"end":{"line":14,"column":19}}]}},"b":{"0":[0]},"fnMap":{"0":{"name":"(empty-report)","decl":{"start":{"line":1,"column":0},"end":{"line":14,"column":19}},"loc":{"start":{"line":1,"column":0},"end":{"line":14,"column":19}},"line":1}},"f":{"0":0}}
,"/Users/aliaksa/work/Обучение и Курсы/react/2025/2025 Summer/my-react-project/src/main.tsx": {"path":"/Users/aliaksa/work/Обучение и Курсы/react/2025/2025 Summer/my-react-project/src/main.tsx","all":true,"statementMap":{"0":{"start":{"line":1,"column":0},"end":{"line":1,"column":35}},"1":{"start":{"line":2,"column":0},"end":{"line":2,"column":46}},"2":{"start":{"line":3,"column":0},"end":{"line":3,"column":21}},"3":{"start":{"line":4,"column":0},"end":{"line":4,"column":28}},"4":{"start":{"line":5,"column":0},"end":{"line":5,"column":0}},"5":{"start":{"line":6,"column":0},"end":{"line":6,"column":52}},"6":{"start":{"line":7,"column":0},"end":{"line":7,"column":18}},"7":{"start":{"line":8,"column":0},"end":{"line":8,"column":33}},"8":{"start":{"line":9,"column":0},"end":{"line":9,"column":16}},"9":{"start":{"line":10,"column":0},"end":{"line":10,"column":13}},"10":{"start":{"line":11,"column":0},"end":{"line":11,"column":17}},"11":{"start":{"line":12,"column":0},"end":{"line":12,"column":4}},"12":{"start":{"line":13,"column":0},"end":{"line":13,"column":8}},"13":{"start":{"line":14,"column":0},"end":{"line":14,"column":44}},"14":{"start":{"line":15,"column":0},"end":{"line":15,"column":1}}},"s":{"0":0,"1":0,"2":0,"3":0,"4":0,"5":0,"6":0,"7":0,"8":0,"9":0,"10":0,"11":0,"12":0,"13":0,"14":0},"branchMap":{"0":{"type":"branch","line":1,"loc":{"start":{"line":1,"column":0},"end":{"line":15,"column":1}},"locations":[{"start":{"line":1,"column":0},"end":{"line":15,"column":1}}]}},"b":{"0":[0]},"fnMap":{"0":{"name":"(empty-report)","decl":{"start":{"line":1,"column":0},"end":{"line":15,"column":1}},"loc":{"start":{"line":1,"column":0},"end":{"line":15,"column":1}},"line":1}},"f":{"0":0}}
,"/Users/aliaksa/work/Обучение и Курсы/react/2025/2025 Summer/my-react-project/src/api/pokemon.ts": {"path":"/Users/aliaksa/work/Обучение и Курсы/react/2025/2025 Summer/my-react-project/src/api/pokemon.ts","all":false,"statementMap":{"2":{"start":{"line":3,"column":0},"end":{"line":3,"column":44}},"4":{"start":{"line":5,"column":0},"end":{"line":5,"column":74}},"5":{"start":{"line":6,"column":0},"end":{"line":6,"column":61}},"6":{"start":{"line":7,"column":0},"end":{"line":7,"column":19}},"7":{"start":{"line":8,"column":0},"end":{"line":8,"column":79}},"8":{"start":{"line":9,"column":0},"end":{"line":9,"column":25}},"9":{"start":{"line":10,"column":0},"end":{"line":10,"column":1}},"10":{"start":{"line":11,"column":0},"end":{"line":11,"column":40}},"11":{"start":{"line":12,"column":0},"end":{"line":12,"column":15}},"12":{"start":{"line":13,"column":0},"end":{"line":13,"column":12}},"13":{"start":{"line":14,"column":0},"end":{"line":14,"column":23}},"14":{"start":{"line":15,"column":0},"end":{"line":15,"column":36}},"15":{"start":{"line":16,"column":0},"end":{"line":16,"column":31}},"16":{"start":{"line":17,"column":0},"end":{"line":17,"column":56}},"17":{"start":{"line":18,"column":0},"end":{"line":18,"column":4}},"18":{"start":{"line":19,"column":0},"end":{"line":19,"column":19}},"19":{"start":{"line":20,"column":0},"end":{"line":20,"column":72}},"20":{"start":{"line":21,"column":0},"end":{"line":21,"column":66}},"21":{"start":{"line":22,"column":0},"end":{"line":22,"column":21}},"22":{"start":{"line":23,"column":0},"end":{"line":23,"column":41}},"23":{"start":{"line":24,"column":0},"end":{"line":24,"column":48}},"24":{"start":{"line":25,"column":0},"end":{"line":25,"column":23}},"25":{"start":{"line":26,"column":0},"end":{"line":26,"column":24}},"26":{"start":{"line":27,"column":0},"end":{"line":27,"column":71}},"27":{"start":{"line":28,"column":0},"end":{"line":28,"column":10}},"28":{"start":{"line":29,"column":0},"end":{"line":29,"column":29}},"29":{"start":{"line":30,"column":0},"end":{"line":30,"column":6}},"30":{"start":{"line":31,"column":0},"end":{"line":31,"column":4}},"31":{"start":{"line":32,"column":0},"end":{"line":32,"column":1}}},"s":{"2":1,"4":3,"5":3,"6":3,"7":3,"8":1,"9":1,"10":3,"11":3,"12":3,"13":3,"14":3,"15":3,"16":3,"17":3,"18":3,"19":3,"20":2,"21":2,"22":2,"23":2,"24":2,"25":2,"26":1,"27":1,"28":1,"29":2,"30":2,"31":2},"branchMap":{"0":{"type":"branch","line":5,"loc":{"start":{"line":5,"column":0},"end":{"line":10,"column":1}},"locations":[{"start":{"line":5,"column":0},"end":{"line":10,"column":1}}]},"1":{"type":"branch","line":8,"loc":{"start":{"line":8,"column":4},"end":{"line":8,"column":79}},"locations":[{"start":{"line":8,"column":4},"end":{"line":8,"column":79}}]},"2":{"type":"branch","line":8,"loc":{"start":{"line":8,"column":77},"end":{"line":10,"column":1}},"locations":[{"start":{"line":8,"column":77},"end":{"line":10,"column":1}}]},"3":{"type":"branch","line":11,"loc":{"start":{"line":11,"column":0},"end":{"line":32,"column":1}},"locations":[{"start":{"line":11,"column":0},"end":{"line":32,"column":1}}]},"4":{"type":"branch","line":20,"loc":{"start":{"line":20,"column":4},"end":{"line":20,"column":72}},"locations":[{"start":{"line":20,"column":4},"end":{"line":20,"column":72}}]},"5":{"type":"branch","line":20,"loc":{"start":{"line":20,"column":70},"end":{"line":32,"column":1}},"locations":[{"start":{"line":20,"column":70},"end":{"line":32,"column":1}}]},"6":{"type":"branch","line":23,"loc":{"start":{"line":23,"column":21},"end":{"line":30,"column":5}},"locations":[{"start":{"line":23,"column":21},"end":{"line":30,"column":5}}]},"7":{"type":"branch","line":26,"loc":{"start":{"line":26,"column":8},"end":{"line":29,"column":29}},"locations":[{"start":{"line":26,"column":8},"end":{"line":29,"column":29}}]}},"b":{"0":[3],"1":[2],"2":[1],"3":[3],"4":[1],"5":[2],"6":[2],"7":[1]},"fnMap":{"0":{"name":"fetchPokemonByName","decl":{"start":{"line":5,"column":0},"end":{"line":10,"column":1}},"loc":{"start":{"line":5,"column":0},"end":{"line":10,"column":1}},"line":5},"1":{"name":"fetchPokemonsPage","decl":{"start":{"line":11,"column":0},"end":{"line":32,"column":1}},"loc":{"start":{"line":11,"column":0},"end":{"line":32,"column":1}},"line":11}},"f":{"0":3,"1":3}}
,"/Users/aliaksa/work/Обучение и Курсы/react/2025/2025 Summer/my-react-project/src/components/Button/Button.tsx": {"path":"/Users/aliaksa/work/Обучение и Курсы/react/2025/2025 Summer/my-react-project/src/components/Button/Button.tsx","all":false,"statementMap":{"0":{"start":{"line":1,"column":0},"end":{"line":1,"column":26}},"1":{"start":{"line":2,"column":0},"end":{"line":2,"column":22}},"11":{"start":{"line":12,"column":0},"end":{"line":12,"column":40}},"12":{"start":{"line":13,"column":0},"end":{"line":13,"column":10}},"13":{"start":{"line":14,"column":0},"end":{"line":14,"column":11}},"14":{"start":{"line":15,"column":0},"end":{"line":15,"column":19}},"15":{"start":{"line":16,"column":0},"end":{"line":16,"column":8}},"16":{"start":{"line":17,"column":0},"end":{"line":17,"column":12}},"17":{"start":{"line":18,"column":0},"end":{"line":18,"column":7}},"18":{"start":{"line":19,"column":0},"end":{"line":19,"column":10}},"19":{"start":{"line":20,"column":0},"end":{"line":20,"column":11}},"20":{"start":{"line":21,"column":0},"end":{"line":21,"column":23}},"21":{"start":{"line":22,"column":0},"end":{"line":22,"column":25}},"22":{"start":{"line":23,"column":0},"end":{"line":23,"column":27}},"23":{"start":{"line":24,"column":0},"end":{"line":24,"column":14}},"24":{"start":{"line":25,"column":0},"end":{"line":25,"column":53}},"25":{"start":{"line":26,"column":0},"end":{"line":26,"column":36}},"26":{"start":{"line":27,"column":0},"end":{"line":27,"column":17}},"27":{"start":{"line":28,"column":0},"end":{"line":28,"column":8}},"29":{"start":{"line":30,"column":0},"end":{"line":30,"column":16}},"30":{"start":{"line":31,"column":0},"end":{"line":31,"column":13}},"32":{"start":{"line":33,"column":0},"end":{"line":33,"column":2}},"34":{"start":{"line":35,"column":0},"end":{"line":35,"column":22}}},"s":{"0":1,"1":1,"11":1,"12":64,"13":64,"14":64,"15":64,"16":64,"17":64,"18":64,"19":64,"20":64,"21":64,"22":64,"23":64,"24":64,"25":64,"26":64,"27":64,"29":64,"30":64,"32":64,"34":1},"branchMap":{"0":{"type":"branch","line":12,"loc":{"start":{"line":12,"column":38},"end":{"line":33,"column":2}},"locations":[{"start":{"line":12,"column":38},"end":{"line":33,"column":2}}]},"1":{"type":"branch","line":25,"loc":{"start":{"line":25,"column":16},"end":{"line":25,"column":43}},"locations":[{"start":{"line":25,"column":16},"end":{"line":25,"column":43}}]},"2":{"type":"branch","line":25,"loc":{"start":{"line":25,"column":27},"end":{"line":25,"column":53}},"locations":[{"start":{"line":25,"column":27},"end":{"line":25,"column":53}}]},"3":{"type":"branch","line":26,"loc":{"start":{"line":26,"column":17},"end":{"line":26,"column":34}},"locations":[{"start":{"line":26,"column":17},"end":{"line":26,"column":34}}]},"4":{"type":"branch","line":26,"loc":{"start":{"line":26,"column":28},"end":{"line":26,"column":36}},"locations":[{"start":{"line":26,"column":28},"end":{"line":26,"column":36}}]}},"b":{"0":[64],"1":[4],"2":[60],"3":[4],"4":[60]},"fnMap":{"0":{"name":"Button","decl":{"start":{"line":12,"column":38},"end":{"line":33,"column":2}},"loc":{"start":{"line":12,"column":38},"end":{"line":33,"column":2}},"line":12}},"f":{"0":64}}
,"/Users/aliaksa/work/Обучение и Курсы/react/2025/2025 Summer/my-react-project/src/components/ErrorBoundary/ErrorBoundary.tsx": {"path":"/Users/aliaksa/work/Обучение и Курсы/react/2025/2025 Summer/my-react-project/src/components/ErrorBoundary/ErrorBoundary.tsx","all":true,"statementMap":{"0":{"start":{"line":1,"column":0},"end":{"line":1,"column":26}},"1":{"start":{"line":2,"column":0},"end":{"line":2,"column":50}},"2":{"start":{"line":3,"column":0},"end":{"line":3,"column":0}},"3":{"start":{"line":4,"column":0},"end":{"line":4,"column":17}},"4":{"start":{"line":5,"column":0},"end":{"line":5,"column":22}},"5":{"start":{"line":6,"column":0},"end":{"line":6,"column":1}},"6":{"start":{"line":7,"column":0},"end":{"line":7,"column":0}},"7":{"start":{"line":8,"column":0},"end":{"line":8,"column":17}},"8":{"start":{"line":9,"column":0},"end":{"line":9,"column":20}},"9":{"start":{"line":10,"column":0},"end":{"line":10,"column":1}},"10":{"start":{"line":11,"column":0},"end":{"line":11,"column":0}},"11":{"start":{"line":12,"column":0},"end":{"line":12,"column":59}},"12":{"start":{"line":13,"column":0},"end":{"line":13,"column":18}},"13":{"start":{"line":14,"column":0},"end":{"line":14,"column":20}},"14":{"start":{"line":15,"column":0},"end":{"line":15,"column":4}},"15":{"start":{"line":16,"column":0},"end":{"line":16,"column":0}},"16":{"start":{"line":17,"column":0},"end":{"line":17,"column":20}},"17":{"start":{"line":18,"column":0},"end":{"line":18,"column":44}},"18":{"start":{"line":19,"column":0},"end":{"line":19,"column":30}},"19":{"start":{"line":20,"column":0},"end":{"line":20,"column":3}},"20":{"start":{"line":21,"column":0},"end":{"line":21,"column":0}},"21":{"start":{"line":22,"column":0},"end":{"line":22,"column":52}},"22":{"start":{"line":23,"column":0},"end":{"line":23,"column":65}},"23":{"start":{"line":24,"column":0},"end":{"line":24,"column":3}},"24":{"start":{"line":25,"column":0},"end":{"line":25,"column":0}},"25":{"start":{"line":26,"column":0},"end":{"line":26,"column":12}},"26":{"start":{"line":27,"column":0},"end":{"line":27,"column":30}},"27":{"start":{"line":28,"column":0},"end":{"line":28,"column":14}},"28":{"start":{"line":29,"column":0},"end":{"line":29,"column":13}},"29":{"start":{"line":30,"column":0},"end":{"line":30,"column":34}},"30":{"start":{"line":31,"column":0},"end":{"line":31,"column":60}},"31":{"start":{"line":32,"column":0},"end":{"line":32,"column":31}},"32":{"start":{"line":33,"column":0},"end":{"line":33,"column":14}},"33":{"start":{"line":34,"column":0},"end":{"line":34,"column":8}},"34":{"start":{"line":35,"column":0},"end":{"line":35,"column":5}},"35":{"start":{"line":36,"column":0},"end":{"line":36,"column":31}},"36":{"start":{"line":37,"column":0},"end":{"line":37,"column":3}},"37":{"start":{"line":38,"column":0},"end":{"line":38,"column":1}},"38":{"start":{"line":39,"column":0},"end":{"line":39,"column":0}},"39":{"start":{"line":40,"column":0},"end":{"line":40,"column":29}}},"s":{"0":0,"1":0,"2":0,"3":0,"4":0,"5":0,"6":0,"7":0,"8":0,"9":0,"10":0,"11":0,"12":0,"13":0,"14":0,"15":0,"16":0,"17":0,"18":0,"19":0,"20":0,"21":0,"22":0,"23":0,"24":0,"25":0,"26":0,"27":0,"28":0,"29":0,"30":0,"31":0,"32":0,"33":0,"34":0,"35":0,"36":0,"37":0,"38":0,"39":0},"branchMap":{"0":{"type":"branch","line":1,"loc":{"start":{"line":1,"column":0},"end":{"line":40,"column":29}},"locations":[{"start":{"line":1,"column":0},"end":{"line":40,"column":29}}]}},"b":{"0":[0]},"fnMap":{"0":{"name":"(empty-report)","decl":{"start":{"line":1,"column":0},"end":{"line":40,"column":29}},"loc":{"start":{"line":1,"column":0},"end":{"line":40,"column":29}},"line":1}},"f":{"0":0}}
,"/Users/aliaksa/work/Обучение и Курсы/react/2025/2025 Summer/my-react-project/src/components/ErrorBoundary/ErrorBoundaryButton.tsx": {"path":"/Users/aliaksa/work/Обучение и Курсы/react/2025/2025 Summer/my-react-project/src/components/ErrorBoundary/ErrorBoundaryButton.tsx","all":false,"statementMap":{"0":{"start":{"line":1,"column":0},"end":{"line":1,"column":26}},"1":{"start":{"line":2,"column":0},"end":{"line":2,"column":38}},"7":{"start":{"line":8,"column":0},"end":{"line":8,"column":50}},"10":{"start":{"line":11,"column":0},"end":{"line":11,"column":3}},"11":{"start":{"line":12,"column":0},"end":{"line":12,"column":31}},"12":{"start":{"line":13,"column":0},"end":{"line":13,"column":17}},"13":{"start":{"line":14,"column":0},"end":{"line":14,"column":18}},"14":{"start":{"line":15,"column":0},"end":{"line":15,"column":19}},"15":{"start":{"line":16,"column":0},"end":{"line":16,"column":6}},"16":{"start":{"line":17,"column":0},"end":{"line":17,"column":3}},"18":{"start":{"line":19,"column":0},"end":{"line":19,"column":23}},"19":{"start":{"line":20,"column":0},"end":{"line":20,"column":35}},"20":{"start":{"line":21,"column":0},"end":{"line":21,"column":4}},"22":{"start":{"line":23,"column":0},"end":{"line":23,"column":12}},"23":{"start":{"line":24,"column":0},"end":{"line":24,"column":27}},"24":{"start":{"line":25,"column":0},"end":{"line":25,"column":48}},"25":{"start":{"line":26,"column":0},"end":{"line":26,"column":5}},"27":{"start":{"line":28,"column":0},"end":{"line":28,"column":12}},"28":{"start":{"line":29,"column":0},"end":{"line":29,"column":11}},"29":{"start":{"line":30,"column":0},"end":{"line":30,"column":67}},"31":{"start":{"line":32,"column":0},"end":{"line":32,"column":17}},"32":{"start":{"line":33,"column":0},"end":{"line":33,"column":12}},"34":{"start":{"line":35,"column":0},"end":{"line":35,"column":3}},"35":{"start":{"line":36,"column":0},"end":{"line":36,"column":1}},"37":{"start":{"line":38,"column":0},"end":{"line":38,"column":35}}},"s":{"0":1,"1":1,"7":6,"10":6,"11":6,"12":6,"13":6,"14":6,"15":6,"16":6,"18":6,"19":0,"20":0,"22":6,"23":24,"24":0,"25":0,"27":24,"28":24,"29":24,"31":24,"32":24,"34":24,"35":6,"37":1},"branchMap":{"0":{"type":"branch","line":8,"loc":{"start":{"line":8,"column":0},"end":{"line":36,"column":1}},"locations":[{"start":{"line":8,"column":0},"end":{"line":36,"column":1}}]},"1":{"type":"branch","line":12,"loc":{"start":{"line":12,"column":2},"end":{"line":17,"column":3}},"locations":[{"start":{"line":12,"column":2},"end":{"line":17,"column":3}}]},"2":{"type":"branch","line":23,"loc":{"start":{"line":23,"column":2},"end":{"line":35,"column":3}},"locations":[{"start":{"line":23,"column":2},"end":{"line":35,"column":3}}]},"3":{"type":"branch","line":24,"loc":{"start":{"line":24,"column":26},"end":{"line":26,"column":5}},"locations":[{"start":{"line":24,"column":26},"end":{"line":26,"column":5}}]}},"b":{"0":[6],"1":[6],"2":[24],"3":[0]},"fnMap":{"0":{"name":"<instance_members_initializer>","decl":{"start":{"line":8,"column":0},"end":{"line":36,"column":1}},"loc":{"start":{"line":8,"column":0},"end":{"line":36,"column":1}},"line":8},"1":{"name":"ErrorBoundaryButton","decl":{"start":{"line":12,"column":2},"end":{"line":17,"column":3}},"loc":{"start":{"line":12,"column":2},"end":{"line":17,"column":3}},"line":12},"2":{"name":"handleClick","decl":{"start":{"line":19,"column":16},"end":{"line":21,"column":4}},"loc":{"start":{"line":19,"column":16},"end":{"line":21,"column":4}},"line":19},"3":{"name":"render","decl":{"start":{"line":23,"column":2},"end":{"line":35,"column":3}},"loc":{"start":{"line":23,"column":2},"end":{"line":35,"column":3}},"line":23}},"f":{"0":6,"1":6,"2":0,"3":24}}
,"/Users/aliaksa/work/Обучение и Курсы/react/2025/2025 Summer/my-react-project/src/components/Input/Input.tsx": {"path":"/Users/aliaksa/work/Обучение и Курсы/react/2025/2025 Summer/my-react-project/src/components/Input/Input.tsx","all":false,"statementMap":{"0":{"start":{"line":1,"column":0},"end":{"line":1,"column":26}},"2":{"start":{"line":3,"column":0},"end":{"line":3,"column":21}},"13":{"start":{"line":14,"column":0},"end":{"line":14,"column":38}},"14":{"start":{"line":15,"column":0},"end":{"line":15,"column":8}},"15":{"start":{"line":16,"column":0},"end":{"line":16,"column":11}},"16":{"start":{"line":17,"column":0},"end":{"line":17,"column":19}},"17":{"start":{"line":18,"column":0},"end":{"line":18,"column":16}},"18":{"start":{"line":19,"column":0},"end":{"line":19,"column":8}},"19":{"start":{"line":20,"column":0},"end":{"line":20,"column":12}},"20":{"start":{"line":21,"column":0},"end":{"line":21,"column":7}},"21":{"start":{"line":22,"column":0},"end":{"line":22,"column":10}},"22":{"start":{"line":23,"column":0},"end":{"line":23,"column":10}},"23":{"start":{"line":24,"column":0},"end":{"line":24,"column":17}},"24":{"start":{"line":25,"column":0},"end":{"line":25,"column":19}},"25":{"start":{"line":26,"column":0},"end":{"line":26,"column":25}},"26":{"start":{"line":27,"column":0},"end":{"line":27,"column":31}},"27":{"start":{"line":28,"column":0},"end":{"line":28,"column":27}},"28":{"start":{"line":29,"column":0},"end":{"line":29,"column":14}},"29":{"start":{"line":30,"column":0},"end":{"line":30,"column":17}},"30":{"start":{"line":31,"column":0},"end":{"line":31,"column":8}},"31":{"start":{"line":32,"column":0},"end":{"line":32,"column":6}},"33":{"start":{"line":34,"column":0},"end":{"line":34,"column":2}},"35":{"start":{"line":36,"column":0},"end":{"line":36,"column":21}}},"s":{"0":1,"2":1,"13":1,"14":29,"15":29,"16":29,"17":29,"18":29,"19":29,"20":29,"21":29,"22":29,"23":29,"24":29,"25":29,"26":29,"27":29,"28":29,"29":29,"30":29,"31":29,"33":29,"35":1},"branchMap":{"0":{"type":"branch","line":14,"loc":{"start":{"line":14,"column":36},"end":{"line":34,"column":2}},"locations":[{"start":{"line":14,"column":36},"end":{"line":34,"column":2}}]}},"b":{"0":[29]},"fnMap":{"0":{"name":"Input","decl":{"start":{"line":14,"column":36},"end":{"line":34,"column":2}},"loc":{"start":{"line":14,"column":36},"end":{"line":34,"column":2}},"line":14}},"f":{"0":29}}
,"/Users/aliaksa/work/Обучение и Курсы/react/2025/2025 Summer/my-react-project/src/components/Loader/Loader.tsx": {"path":"/Users/aliaksa/work/Обучение и Курсы/react/2025/2025 Summer/my-react-project/src/components/Loader/Loader.tsx","all":false,"statementMap":{"0":{"start":{"line":1,"column":0},"end":{"line":1,"column":26}},"1":{"start":{"line":2,"column":0},"end":{"line":2,"column":41}},"3":{"start":{"line":4,"column":0},"end":{"line":4,"column":32}},"4":{"start":{"line":5,"column":0},"end":{"line":5,"column":10}},"5":{"start":{"line":6,"column":0},"end":{"line":6,"column":42}},"6":{"start":{"line":7,"column":0},"end":{"line":7,"column":44}},"7":{"start":{"line":8,"column":0},"end":{"line":8,"column":47}},"8":{"start":{"line":9,"column":0},"end":{"line":9,"column":10}},"10":{"start":{"line":11,"column":0},"end":{"line":11,"column":2}},"12":{"start":{"line":13,"column":0},"end":{"line":13,"column":22}}},"s":{"0":1,"1":1,"3":1,"4":10,"5":10,"6":10,"7":10,"8":10,"10":10,"12":1},"branchMap":{"0":{"type":"branch","line":4,"loc":{"start":{"line":4,"column":25},"end":{"line":11,"column":2}},"locations":[{"start":{"line":4,"column":25},"end":{"line":11,"column":2}}]}},"b":{"0":[10]},"fnMap":{"0":{"name":"Loader","decl":{"start":{"line":4,"column":25},"end":{"line":11,"column":2}},"loc":{"start":{"line":4,"column":25},"end":{"line":11,"column":2}},"line":4}},"f":{"0":10}}
,"/Users/aliaksa/work/Обучение и Курсы/react/2025/2025 Summer/my-react-project/src/components/Pagination/Pagination.tsx": {"path":"/Users/aliaksa/work/Обучение и Курсы/react/2025/2025 Summer/my-react-project/src/components/Pagination/Pagination.tsx","all":false,"statementMap":{"0":{"start":{"line":1,"column":0},"end":{"line":1,"column":26}},"1":{"start":{"line":2,"column":0},"end":{"line":2,"column":38}},"8":{"start":{"line":9,"column":0},"end":{"line":9,"column":72}},"9":{"start":{"line":10,"column":0},"end":{"line":10,"column":10}},"10":{"start":{"line":11,"column":0},"end":{"line":11,"column":8}},"11":{"start":{"line":12,"column":0},"end":{"line":12,"column":14}},"12":{"start":{"line":13,"column":0},"end":{"line":13,"column":23}},"13":{"start":{"line":14,"column":0},"end":{"line":14,"column":24}},"14":{"start":{"line":15,"column":0},"end":{"line":15,"column":20}},"15":{"start":{"line":16,"column":0},"end":{"line":16,"column":33}},"16":{"start":{"line":17,"column":0},"end":{"line":17,"column":29}},"17":{"start":{"line":18,"column":0},"end":{"line":18,"column":28}},"18":{"start":{"line":19,"column":0},"end":{"line":19,"column":32}},"19":{"start":{"line":20,"column":0},"end":{"line":20,"column":8}},"21":{"start":{"line":22,"column":0},"end":{"line":22,"column":13}},"22":{"start":{"line":23,"column":0},"end":{"line":23,"column":53}},"23":{"start":{"line":24,"column":0},"end":{"line":24,"column":36}},"24":{"start":{"line":25,"column":0},"end":{"line":25,"column":37}},"25":{"start":{"line":26,"column":0},"end":{"line":26,"column":7}},"27":{"start":{"line":28,"column":0},"end":{"line":28,"column":15}},"29":{"start":{"line":30,"column":0},"end":{"line":30,"column":37}},"31":{"start":{"line":32,"column":0},"end":{"line":32,"column":13}},"32":{"start":{"line":33,"column":0},"end":{"line":33,"column":53}},"33":{"start":{"line":34,"column":0},"end":{"line":34,"column":37}},"34":{"start":{"line":35,"column":0},"end":{"line":35,"column":7}},"36":{"start":{"line":37,"column":0},"end":{"line":37,"column":15}},"37":{"start":{"line":38,"column":0},"end":{"line":38,"column":10}},"39":{"start":{"line":40,"column":0},"end":{"line":40,"column":2}},"41":{"start":{"line":42,"column":0},"end":{"line":42,"column":26}}},"s":{"0":1,"1":1,"8":1,"9":6,"10":6,"11":6,"12":6,"13":6,"14":6,"15":6,"16":6,"17":6,"18":6,"19":6,"21":6,"22":6,"23":6,"24":6,"25":6,"27":6,"29":6,"31":6,"32":6,"33":6,"34":6,"36":6,"37":6,"39":6,"41":1},"branchMap":{"0":{"type":"branch","line":9,"loc":{"start":{"line":9,"column":36},"end":{"line":40,"column":2}},"locations":[{"start":{"line":9,"column":36},"end":{"line":40,"column":2}}]},"1":{"type":"branch","line":23,"loc":{"start":{"line":23,"column":17},"end":{"line":23,"column":53}},"locations":[{"start":{"line":23,"column":17},"end":{"line":23,"column":53}}]},"2":{"type":"branch","line":33,"loc":{"start":{"line":33,"column":17},"end":{"line":33,"column":53}},"locations":[{"start":{"line":33,"column":17},"end":{"line":33,"column":53}}]}},"b":{"0":[6],"1":[1],"2":[1]},"fnMap":{"0":{"name":"Pagination","decl":{"start":{"line":9,"column":36},"end":{"line":40,"column":2}},"loc":{"start":{"line":9,"column":36},"end":{"line":40,"column":2}},"line":9},"1":{"name":"onClick","decl":{"start":{"line":23,"column":17},"end":{"line":23,"column":53}},"loc":{"start":{"line":23,"column":17},"end":{"line":23,"column":53}},"line":23},"2":{"name":"onClick","decl":{"start":{"line":33,"column":17},"end":{"line":33,"column":53}},"loc":{"start":{"line":33,"column":17},"end":{"line":33,"column":53}},"line":33}},"f":{"0":6,"1":1,"2":1}}
,"/Users/aliaksa/work/Обучение и Курсы/react/2025/2025 Summer/my-react-project/src/components/PokemonContainer/PokemonContainer.tsx": {"path":"/Users/aliaksa/work/Обучение и Курсы/react/2025/2025 Summer/my-react-project/src/components/PokemonContainer/PokemonContainer.tsx","all":false,"statementMap":{"0":{"start":{"line":1,"column":0},"end":{"line":1,"column":34}},"2":{"start":{"line":3,"column":0},"end":{"line":3,"column":51}},"3":{"start":{"line":4,"column":0},"end":{"line":4,"column":71}},"5":{"start":{"line":6,"column":0},"end":{"line":6,"column":71}},"6":{"start":{"line":7,"column":0},"end":{"line":7,"column":32}},"7":{"start":{"line":8,"column":0},"end":{"line":8,"column":50}},"8":{"start":{"line":9,"column":0},"end":{"line":9,"column":74}},"25":{"start":{"line":26,"column":0},"end":{"line":26,"column":63}},"26":{"start":{"line":27,"column":0},"end":{"line":27,"column":29}},"27":{"start":{"line":28,"column":0},"end":{"line":28,"column":17}},"28":{"start":{"line":29,"column":0},"end":{"line":29,"column":18}},"29":{"start":{"line":30,"column":0},"end":{"line":30,"column":15}},"30":{"start":{"line":31,"column":0},"end":{"line":31,"column":21}},"31":{"start":{"line":32,"column":0},"end":{"line":32,"column":18}},"32":{"start":{"line":33,"column":0},"end":{"line":33,"column":27}},"33":{"start":{"line":34,"column":0},"end":{"line":34,"column":22}},"34":{"start":{"line":35,"column":0},"end":{"line":35,"column":21}},"35":{"start":{"line":36,"column":0},"end":{"line":36,"column":6}},"36":{"start":{"line":37,"column":0},"end":{"line":37,"column":3}},"38":{"start":{"line":39,"column":0},"end":{"line":39,"column":23}},"39":{"start":{"line":40,"column":0},"end":{"line":40,"column":63}},"40":{"start":{"line":41,"column":0},"end":{"line":41,"column":46}},"41":{"start":{"line":42,"column":0},"end":{"line":42,"column":29}},"42":{"start":{"line":43,"column":0},"end":{"line":43,"column":44}},"43":{"start":{"line":44,"column":0},"end":{"line":44,"column":14}},"44":{"start":{"line":45,"column":0},"end":{"line":45,"column":32}},"45":{"start":{"line":46,"column":0},"end":{"line":46,"column":7}},"46":{"start":{"line":47,"column":0},"end":{"line":47,"column":7}},"47":{"start":{"line":48,"column":0},"end":{"line":48,"column":3}},"49":{"start":{"line":50,"column":0},"end":{"line":50,"column":56}},"50":{"start":{"line":51,"column":0},"end":{"line":51,"column":44}},"51":{"start":{"line":52,"column":0},"end":{"line":52,"column":4}},"53":{"start":{"line":54,"column":0},"end":{"line":54,"column":24}},"54":{"start":{"line":55,"column":0},"end":{"line":55,"column":57}},"55":{"start":{"line":56,"column":0},"end":{"line":56,"column":48}},"57":{"start":{"line":58,"column":0},"end":{"line":58,"column":25}},"58":{"start":{"line":59,"column":0},"end":{"line":59,"column":30}},"59":{"start":{"line":60,"column":0},"end":{"line":60,"column":12}},"60":{"start":{"line":61,"column":0},"end":{"line":61,"column":33}},"61":{"start":{"line":62,"column":0},"end":{"line":62,"column":5}},"62":{"start":{"line":63,"column":0},"end":{"line":63,"column":4}},"63":{"start":{"line":64,"column":0},"end":{"line":64,"column":43}},"64":{"start":{"line":65,"column":0},"end":{"line":65,"column":35}},"65":{"start":{"line":66,"column":0},"end":{"line":66,"column":4}},"67":{"start":{"line":68,"column":0},"end":{"line":68,"column":42}},"68":{"start":{"line":69,"column":0},"end":{"line":69,"column":19}},"69":{"start":{"line":70,"column":0},"end":{"line":70,"column":20}},"70":{"start":{"line":71,"column":0},"end":{"line":71,"column":18}},"71":{"start":{"line":72,"column":0},"end":{"line":72,"column":27}},"72":{"start":{"line":73,"column":0},"end":{"line":73,"column":22}},"73":{"start":{"line":74,"column":0},"end":{"line":74,"column":7}},"75":{"start":{"line":76,"column":0},"end":{"line":76,"column":9}},"76":{"start":{"line":77,"column":0},"end":{"line":77,"column":59}},"77":{"start":{"line":78,"column":0},"end":{"line":78,"column":62}},"78":{"start":{"line":79,"column":0},"end":{"line":79,"column":30}},"79":{"start":{"line":80,"column":0},"end":{"line":80,"column":21}},"80":{"start":{"line":81,"column":0},"end":{"line":81,"column":74}},"81":{"start":{"line":82,"column":0},"end":{"line":82,"column":56}},"82":{"start":{"line":83,"column":0},"end":{"line":83,"column":5}},"83":{"start":{"line":84,"column":0},"end":{"line":84,"column":4}},"85":{"start":{"line":86,"column":0},"end":{"line":86,"column":50}},"86":{"start":{"line":87,"column":0},"end":{"line":87,"column":19}},"87":{"start":{"line":88,"column":0},"end":{"line":88,"column":20}},"88":{"start":{"line":89,"column":0},"end":{"line":89,"column":18}},"89":{"start":{"line":90,"column":0},"end":{"line":90,"column":27}},"90":{"start":{"line":91,"column":0},"end":{"line":91,"column":22}},"91":{"start":{"line":92,"column":0},"end":{"line":92,"column":24}},"92":{"start":{"line":93,"column":0},"end":{"line":93,"column":7}},"94":{"start":{"line":95,"column":0},"end":{"line":95,"column":9}},"95":{"start":{"line":96,"column":0},"end":{"line":96,"column":72}},"96":{"start":{"line":97,"column":0},"end":{"line":97,"column":71}},"97":{"start":{"line":98,"column":0},"end":{"line":98,"column":30}},"98":{"start":{"line":99,"column":0},"end":{"line":99,"column":21}},"99":{"start":{"line":100,"column":0},"end":{"line":100,"column":74}},"100":{"start":{"line":101,"column":0},"end":{"line":101,"column":56}},"101":{"start":{"line":102,"column":0},"end":{"line":102,"column":5}},"102":{"start":{"line":103,"column":0},"end":{"line":103,"column":4}},"104":{"start":{"line":105,"column":0},"end":{"line":105,"column":12}},"105":{"start":{"line":106,"column":0},"end":{"line":106,"column":77}},"107":{"start":{"line":108,"column":0},"end":{"line":108,"column":12}},"108":{"start":{"line":109,"column":0},"end":{"line":109,"column":41}},"109":{"start":{"line":110,"column":0},"end":{"line":110,"column":18}},"110":{"start":{"line":111,"column":0},"end":{"line":111,"column":22}},"111":{"start":{"line":112,"column":0},"end":{"line":112,"column":38}},"112":{"start":{"line":113,"column":0},"end":{"line":113,"column":38}},"113":{"start":{"line":114,"column":0},"end":{"line":114,"column":10}},"114":{"start":{"line":115,"column":0},"end":{"line":115,"column":23}},"115":{"start":{"line":116,"column":0},"end":{"line":116,"column":27}},"116":{"start":{"line":117,"column":0},"end":{"line":117,"column":23}},"117":{"start":{"line":118,"column":0},"end":{"line":118,"column":41}},"118":{"start":{"line":119,"column":0},"end":{"line":119,"column":35}},"119":{"start":{"line":120,"column":0},"end":{"line":120,"column":10}},"120":{"start":{"line":121,"column":0},"end":{"line":121,"column":55}},"121":{"start":{"line":122,"column":0},"end":{"line":122,"column":21}},"122":{"start":{"line":123,"column":0},"end":{"line":123,"column":48}},"123":{"start":{"line":124,"column":0},"end":{"line":124,"column":48}},"124":{"start":{"line":125,"column":0},"end":{"line":125,"column":12}},"126":{"start":{"line":127,"column":0},"end":{"line":127,"column":31}},"127":{"start":{"line":128,"column":0},"end":{"line":128,"column":12}},"129":{"start":{"line":130,"column":0},"end":{"line":130,"column":3}},"130":{"start":{"line":131,"column":0},"end":{"line":131,"column":1}},"132":{"start":{"line":133,"column":0},"end":{"line":133,"column":32}}},"s":{"0":1,"2":1,"3":1,"5":1,"6":1,"7":1,"8":1,"25":1,"26":6,"27":6,"28":6,"29":6,"30":6,"31":6,"32":6,"33":6,"34":6,"35":6,"36":6,"38":6,"39":6,"40":6,"41":6,"42":3,"43":3,"44":3,"45":3,"46":6,"47":6,"49":6,"50":1,"51":1,"53":6,"54":1,"55":1,"57":1,"58":0,"59":1,"60":1,"61":1,"62":1,"63":6,"64":0,"65":0,"67":6,"68":4,"69":4,"70":4,"71":4,"72":4,"73":4,"75":4,"76":4,"77":3,"78":4,"79":0,"80":0,"81":0,"82":0,"83":4,"85":6,"86":3,"87":3,"88":3,"89":3,"90":3,"91":3,"92":3,"94":3,"95":3,"96":3,"97":3,"98":0,"99":0,"100":0,"101":0,"102":3,"104":6,"105":24,"107":24,"108":24,"109":24,"110":24,"111":24,"112":24,"113":24,"114":24,"115":24,"116":24,"117":24,"118":24,"119":24,"120":24,"121":1,"122":1,"123":1,"124":1,"126":24,"127":24,"129":24,"130":6,"132":1},"branchMap":{"0":{"type":"branch","line":26,"loc":{"start":{"line":26,"column":7},"end":{"line":131,"column":1}},"locations":[{"start":{"line":26,"column":7},"end":{"line":131,"column":1}}]},"1":{"type":"branch","line":27,"loc":{"start":{"line":27,"column":2},"end":{"line":37,"column":3}},"locations":[{"start":{"line":27,"column":2},"end":{"line":37,"column":3}}]},"2":{"type":"branch","line":39,"loc":{"start":{"line":39,"column":2},"end":{"line":48,"column":3}},"locations":[{"start":{"line":39,"column":2},"end":{"line":48,"column":3}}]},"3":{"type":"branch","line":40,"loc":{"start":{"line":40,"column":55},"end":{"line":40,"column":63}},"locations":[{"start":{"line":40,"column":55},"end":{"line":40,"column":63}}]},"4":{"type":"branch","line":41,"loc":{"start":{"line":41,"column":39},"end":{"line":47,"column":5}},"locations":[{"start":{"line":41,"column":39},"end":{"line":47,"column":5}}]},"5":{"type":"branch","line":42,"loc":{"start":{"line":42,"column":28},"end":{"line":46,"column":7}},"locations":[{"start":{"line":42,"column":28},"end":{"line":46,"column":7}}]},"6":{"type":"branch","line":50,"loc":{"start":{"line":50,"column":17},"end":{"line":52,"column":4}},"locations":[{"start":{"line":50,"column":17},"end":{"line":52,"column":4}}]},"7":{"type":"branch","line":54,"loc":{"start":{"line":54,"column":17},"end":{"line":63,"column":4}},"locations":[{"start":{"line":54,"column":17},"end":{"line":63,"column":4}}]},"8":{"type":"branch","line":58,"loc":{"start":{"line":58,"column":24},"end":{"line":60,"column":11}},"locations":[{"start":{"line":58,"column":24},"end":{"line":60,"column":11}}]},"9":{"type":"branch","line":68,"loc":{"start":{"line":68,"column":17},"end":{"line":84,"column":4}},"locations":[{"start":{"line":68,"column":17},"end":{"line":84,"column":4}}]},"10":{"type":"branch","line":77,"loc":{"start":{"line":77,"column":57},"end":{"line":79,"column":13}},"locations":[{"start":{"line":77,"column":57},"end":{"line":79,"column":13}}]},"11":{"type":"branch","line":79,"loc":{"start":{"line":79,"column":4},"end":{"line":83,"column":5}},"locations":[{"start":{"line":79,"column":4},"end":{"line":83,"column":5}}]},"12":{"type":"branch","line":86,"loc":{"start":{"line":86,"column":21},"end":{"line":103,"column":4}},"locations":[{"start":{"line":86,"column":21},"end":{"line":103,"column":4}}]},"13":{"type":"branch","line":98,"loc":{"start":{"line":98,"column":4},"end":{"line":102,"column":5}},"locations":[{"start":{"line":98,"column":4},"end":{"line":102,"column":5}}]},"14":{"type":"branch","line":105,"loc":{"start":{"line":105,"column":2},"end":{"line":130,"column":3}},"locations":[{"start":{"line":105,"column":2},"end":{"line":130,"column":3}}]},"15":{"type":"branch","line":121,"loc":{"start":{"line":121,"column":10},"end":{"line":121,"column":55}},"locations":[{"start":{"line":121,"column":10},"end":{"line":121,"column":55}}]},"16":{"type":"branch","line":121,"loc":{"start":{"line":121,"column":49},"end":{"line":125,"column":12}},"locations":[{"start":{"line":121,"column":49},"end":{"line":125,"column":12}}]}},"b":{"0":[6],"1":[6],"2":[6],"3":[3],"4":[6],"5":[3],"6":[1],"7":[1],"8":[0],"9":[4],"10":[3],"11":[0],"12":[3],"13":[0],"14":[24],"15":[22],"16":[1]},"fnMap":{"0":{"name":"<instance_members_initializer>","decl":{"start":{"line":26,"column":7},"end":{"line":131,"column":1}},"loc":{"start":{"line":26,"column":7},"end":{"line":131,"column":1}},"line":26},"1":{"name":"PokemonContainer","decl":{"start":{"line":27,"column":2},"end":{"line":37,"column":3}},"loc":{"start":{"line":27,"column":2},"end":{"line":37,"column":3}},"line":27},"2":{"name":"componentDidMount","decl":{"start":{"line":39,"column":2},"end":{"line":48,"column":3}},"loc":{"start":{"line":39,"column":2},"end":{"line":48,"column":3}},"line":39},"3":{"name":"handleChange","decl":{"start":{"line":50,"column":17},"end":{"line":52,"column":4}},"loc":{"start":{"line":50,"column":17},"end":{"line":52,"column":4}},"line":50},"4":{"name":"handleSearch","decl":{"start":{"line":54,"column":17},"end":{"line":63,"column":4}},"loc":{"start":{"line":54,"column":17},"end":{"line":63,"column":4}},"line":54},"5":{"name":"handlePageChange","decl":{"start":{"line":64,"column":21},"end":{"line":66,"column":4}},"loc":{"start":{"line":64,"column":21},"end":{"line":66,"column":4}},"line":64},"6":{"name":"fetchPokemon","decl":{"start":{"line":68,"column":17},"end":{"line":84,"column":4}},"loc":{"start":{"line":68,"column":17},"end":{"line":84,"column":4}},"line":68},"7":{"name":"fetchAllPokemons","decl":{"start":{"line":86,"column":21},"end":{"line":103,"column":4}},"loc":{"start":{"line":86,"column":21},"end":{"line":103,"column":4}},"line":86},"8":{"name":"render","decl":{"start":{"line":105,"column":2},"end":{"line":130,"column":3}},"loc":{"start":{"line":105,"column":2},"end":{"line":130,"column":3}},"line":105}},"f":{"0":6,"1":6,"2":6,"3":1,"4":1,"5":0,"6":4,"7":3,"8":24}}
,"/Users/aliaksa/work/Обучение и Курсы/react/2025/2025 Summer/my-react-project/src/components/PokemonSearchBarResults/PokemonResults.tsx": {"path":"/Users/aliaksa/work/Обучение и Курсы/react/2025/2025 Summer/my-react-project/src/components/PokemonSearchBarResults/PokemonResults.tsx","all":false,"statementMap":{"0":{"start":{"line":1,"column":0},"end":{"line":1,"column":26}},"2":{"start":{"line":3,"column":0},"end":{"line":3,"column":49}},"3":{"start":{"line":4,"column":0},"end":{"line":4,"column":38}},"12":{"start":{"line":13,"column":0},"end":{"line":13,"column":42}},"13":{"start":{"line":14,"column":0},"end":{"line":14,"column":10}},"14":{"start":{"line":15,"column":0},"end":{"line":15,"column":8}},"15":{"start":{"line":16,"column":0},"end":{"line":16,"column":17}},"16":{"start":{"line":17,"column":0},"end":{"line":17,"column":14}},"17":{"start":{"line":18,"column":0},"end":{"line":18,"column":7}},"18":{"start":{"line":19,"column":0},"end":{"line":19,"column":16}},"19":{"start":{"line":20,"column":0},"end":{"line":20,"column":22}},"20":{"start":{"line":21,"column":0},"end":{"line":21,"column":30}},"21":{"start":{"line":22,"column":0},"end":{"line":22,"column":12}},"22":{"start":{"line":23,"column":0},"end":{"line":23,"column":38}},"23":{"start":{"line":24,"column":0},"end":{"line":24,"column":69}},"24":{"start":{"line":25,"column":0},"end":{"line":25,"column":12}},"25":{"start":{"line":26,"column":0},"end":{"line":26,"column":52}},"26":{"start":{"line":27,"column":0},"end":{"line":27,"column":35}},"27":{"start":{"line":28,"column":0},"end":{"line":28,"column":34}},"28":{"start":{"line":29,"column":0},"end":{"line":29,"column":10}},"29":{"start":{"line":30,"column":0},"end":{"line":30,"column":46}},"30":{"start":{"line":31,"column":0},"end":{"line":31,"column":46}},"31":{"start":{"line":32,"column":0},"end":{"line":32,"column":79}},"32":{"start":{"line":33,"column":0},"end":{"line":33,"column":12}},"34":{"start":{"line":35,"column":0},"end":{"line":35,"column":38}},"35":{"start":{"line":36,"column":0},"end":{"line":36,"column":12}},"36":{"start":{"line":37,"column":0},"end":{"line":37,"column":38}},"37":{"start":{"line":38,"column":0},"end":{"line":38,"column":44}},"38":{"start":{"line":39,"column":0},"end":{"line":39,"column":36}},"39":{"start":{"line":40,"column":0},"end":{"line":40,"column":35}},"40":{"start":{"line":41,"column":0},"end":{"line":41,"column":57}},"41":{"start":{"line":42,"column":0},"end":{"line":42,"column":64}},"42":{"start":{"line":43,"column":0},"end":{"line":43,"column":52}},"43":{"start":{"line":44,"column":0},"end":{"line":44,"column":41}},"44":{"start":{"line":45,"column":0},"end":{"line":45,"column":68}},"45":{"start":{"line":46,"column":0},"end":{"line":46,"column":20}},"46":{"start":{"line":47,"column":0},"end":{"line":47,"column":17}},"47":{"start":{"line":48,"column":0},"end":{"line":48,"column":13}},"48":{"start":{"line":49,"column":0},"end":{"line":49,"column":13}},"49":{"start":{"line":50,"column":0},"end":{"line":50,"column":12}},"51":{"start":{"line":52,"column":0},"end":{"line":52,"column":21}},"52":{"start":{"line":53,"column":0},"end":{"line":53,"column":51}},"53":{"start":{"line":54,"column":0},"end":{"line":54,"column":3}},"55":{"start":{"line":56,"column":0},"end":{"line":56,"column":14}},"56":{"start":{"line":57,"column":0},"end":{"line":57,"column":2}},"58":{"start":{"line":59,"column":0},"end":{"line":59,"column":30}}},"s":{"0":1,"2":1,"3":1,"12":1,"13":30,"14":30,"15":30,"16":30,"17":30,"18":30,"19":9,"20":30,"21":3,"22":3,"23":3,"24":3,"25":3,"26":3,"27":3,"28":3,"29":3,"30":3,"31":3,"32":3,"34":21,"35":2,"36":2,"37":2,"38":2,"39":2,"40":3,"41":3,"42":3,"43":3,"44":3,"45":3,"46":3,"47":2,"48":2,"49":2,"51":18,"52":2,"53":2,"55":14,"56":14,"58":1},"branchMap":{"0":{"type":"branch","line":13,"loc":{"start":{"line":13,"column":40},"end":{"line":57,"column":2}},"locations":[{"start":{"line":13,"column":40},"end":{"line":57,"column":2}}]},"1":{"type":"branch","line":19,"loc":{"start":{"line":19,"column":15},"end":{"line":21,"column":13}},"locations":[{"start":{"line":19,"column":15},"end":{"line":21,"column":13}}]},"2":{"type":"branch","line":21,"loc":{"start":{"line":21,"column":2},"end":{"line":54,"column":3}},"locations":[{"start":{"line":21,"column":2},"end":{"line":54,"column":3}}]},"3":{"type":"branch","line":21,"loc":{"start":{"line":21,"column":29},"end":{"line":35,"column":13}},"locations":[{"start":{"line":21,"column":29},"end":{"line":35,"column":13}}]},"4":{"type":"branch","line":35,"loc":{"start":{"line":35,"column":2},"end":{"line":54,"column":3}},"locations":[{"start":{"line":35,"column":2},"end":{"line":54,"column":3}}]},"5":{"type":"branch","line":35,"loc":{"start":{"line":35,"column":37},"end":{"line":52,"column":13}},"locations":[{"start":{"line":35,"column":37},"end":{"line":52,"column":13}}]},"6":{"type":"branch","line":52,"loc":{"start":{"line":52,"column":2},"end":{"line":54,"column":3}},"locations":[{"start":{"line":52,"column":2},"end":{"line":54,"column":3}}]},"7":{"type":"branch","line":52,"loc":{"start":{"line":52,"column":20},"end":{"line":54,"column":3}},"locations":[{"start":{"line":52,"column":20},"end":{"line":54,"column":3}}]},"8":{"type":"branch","line":54,"loc":{"start":{"line":54,"column":2},"end":{"line":57,"column":2}},"locations":[{"start":{"line":54,"column":2},"end":{"line":57,"column":2}}]},"9":{"type":"branch","line":32,"loc":{"start":{"line":32,"column":44},"end":{"line":32,"column":62}},"locations":[{"start":{"line":32,"column":44},"end":{"line":32,"column":62}}]},"10":{"type":"branch","line":40,"loc":{"start":{"line":40,"column":27},"end":{"line":47,"column":17}},"locations":[{"start":{"line":40,"column":27},"end":{"line":47,"column":17}}]},"11":{"type":"branch","line":45,"loc":{"start":{"line":45,"column":33},"end":{"line":45,"column":51}},"locations":[{"start":{"line":45,"column":33},"end":{"line":45,"column":51}}]}},"b":{"0":[30],"1":[9],"2":[21],"3":[3],"4":[18],"5":[2],"6":[16],"7":[2],"8":[14],"9":[5],"10":[3],"11":[4]},"fnMap":{"0":{"name":"PokemonResults","decl":{"start":{"line":13,"column":40},"end":{"line":57,"column":2}},"loc":{"start":{"line":13,"column":40},"end":{"line":57,"column":2}},"line":13}},"f":{"0":30}}
,"/Users/aliaksa/work/Обучение и Курсы/react/2025/2025 Summer/my-react-project/src/components/SearchBar/SearchBar.tsx": {"path":"/Users/aliaksa/work/Обучение и Курсы/react/2025/2025 Summer/my-react-project/src/components/SearchBar/SearchBar.tsx","all":false,"statementMap":{"1":{"start":{"line":2,"column":0},"end":{"line":2,"column":38}},"2":{"start":{"line":3,"column":0},"end":{"line":3,"column":35}},"10":{"start":{"line":11,"column":0},"end":{"line":11,"column":41}},"11":{"start":{"line":12,"column":0},"end":{"line":12,"column":46}},"12":{"start":{"line":13,"column":0},"end":{"line":13,"column":10}},"13":{"start":{"line":14,"column":0},"end":{"line":14,"column":42}},"14":{"start":{"line":15,"column":0},"end":{"line":15,"column":12}},"15":{"start":{"line":16,"column":0},"end":{"line":16,"column":21}},"16":{"start":{"line":17,"column":0},"end":{"line":17,"column":27}},"17":{"start":{"line":18,"column":0},"end":{"line":18,"column":49}},"18":{"start":{"line":19,"column":0},"end":{"line":19,"column":34}},"19":{"start":{"line":20,"column":0},"end":{"line":20,"column":8}},"20":{"start":{"line":21,"column":0},"end":{"line":21,"column":59}},"22":{"start":{"line":23,"column":0},"end":{"line":23,"column":15}},"23":{"start":{"line":24,"column":0},"end":{"line":24,"column":10}},"25":{"start":{"line":26,"column":0},"end":{"line":26,"column":1}}},"s":{"1":1,"2":1,"10":1,"11":26,"12":26,"13":26,"14":26,"15":26,"16":26,"17":26,"18":26,"19":26,"20":26,"22":26,"23":26,"25":26},"branchMap":{"0":{"type":"branch","line":11,"loc":{"start":{"line":11,"column":7},"end":{"line":26,"column":1}},"locations":[{"start":{"line":11,"column":7},"end":{"line":26,"column":1}}]}},"b":{"0":[26]},"fnMap":{"0":{"name":"SearchBar","decl":{"start":{"line":11,"column":7},"end":{"line":26,"column":1}},"loc":{"start":{"line":11,"column":7},"end":{"line":26,"column":1}},"line":11}},"f":{"0":26}}
,"/Users/aliaksa/work/Обучение и Курсы/react/2025/2025 Summer/my-react-project/src/test-utils/mockData.ts": {"path":"/Users/aliaksa/work/Обучение и Курсы/react/2025/2025 Summer/my-react-project/src/test-utils/mockData.ts","all":false,"statementMap":{"2":{"start":{"line":3,"column":0},"end":{"line":3,"column":37}},"3":{"start":{"line":4,"column":0},"end":{"line":4,"column":18}},"4":{"start":{"line":5,"column":0},"end":{"line":5,"column":12}},"5":{"start":{"line":6,"column":0},"end":{"line":6,"column":53}},"6":{"start":{"line":7,"column":0},"end":{"line":7,"column":4}},"7":{"start":{"line":8,"column":0},"end":{"line":8,"column":12}},"8":{"start":{"line":9,"column":0},"end":{"line":9,"column":13}},"9":{"start":{"line":10,"column":0},"end":{"line":10,"column":10}},"10":{"start":{"line":11,"column":0},"end":{"line":11,"column":5}},"11":{"start":{"line":12,"column":0},"end":{"line":12,"column":13}},"12":{"start":{"line":13,"column":0},"end":{"line":13,"column":25}},"13":{"start":{"line":14,"column":0},"end":{"line":14,"column":8}},"14":{"start":{"line":15,"column":0},"end":{"line":15,"column":6}},"15":{"start":{"line":16,"column":0},"end":{"line":16,"column":4}},"16":{"start":{"line":17,"column":0},"end":{"line":17,"column":2}},"17":{"start":{"line":18,"column":0},"end":{"line":18,"column":38}},"18":{"start":{"line":19,"column":0},"end":{"line":19,"column":17}},"19":{"start":{"line":20,"column":0},"end":{"line":20,"column":12}},"20":{"start":{"line":21,"column":0},"end":{"line":21,"column":52}},"21":{"start":{"line":22,"column":0},"end":{"line":22,"column":4}},"22":{"start":{"line":23,"column":0},"end":{"line":23,"column":12}},"23":{"start":{"line":24,"column":0},"end":{"line":24,"column":14}},"24":{"start":{"line":25,"column":0},"end":{"line":25,"column":10}},"25":{"start":{"line":26,"column":0},"end":{"line":26,"column":5}},"26":{"start":{"line":27,"column":0},"end":{"line":27,"column":13}},"27":{"start":{"line":28,"column":0},"end":{"line":28,"column":25}},"28":{"start":{"line":29,"column":0},"end":{"line":29,"column":8}},"29":{"start":{"line":30,"column":0},"end":{"line":30,"column":6}},"30":{"start":{"line":31,"column":0},"end":{"line":31,"column":4}},"31":{"start":{"line":32,"column":0},"end":{"line":32,"column":2}},"32":{"start":{"line":33,"column":0},"end":{"line":33,"column":40}},"33":{"start":{"line":34,"column":0},"end":{"line":34,"column":20}},"34":{"start":{"line":35,"column":0},"end":{"line":35,"column":46}},"35":{"start":{"line":36,"column":0},"end":{"line":36,"column":2}},"36":{"start":{"line":37,"column":0},"end":{"line":37,"column":38}},"37":{"start":{"line":38,"column":0},"end":{"line":38,"column":20}},"38":{"start":{"line":39,"column":0},"end":{"line":39,"column":12}},"39":{"start":{"line":40,"column":0},"end":{"line":40,"column":55}},"40":{"start":{"line":41,"column":0},"end":{"line":41,"column":4}},"41":{"start":{"line":42,"column":0},"end":{"line":42,"column":12}},"42":{"start":{"line":43,"column":0},"end":{"line":43,"column":13}},"43":{"start":{"line":44,"column":0},"end":{"line":44,"column":10}},"44":{"start":{"line":45,"column":0},"end":{"line":45,"column":5}},"45":{"start":{"line":46,"column":0},"end":{"line":46,"column":13}},"46":{"start":{"line":47,"column":0},"end":{"line":47,"column":22}},"47":{"start":{"line":48,"column":0},"end":{"line":48,"column":8}},"48":{"start":{"line":49,"column":0},"end":{"line":49,"column":6}},"49":{"start":{"line":50,"column":0},"end":{"line":50,"column":5}},"50":{"start":{"line":51,"column":0},"end":{"line":51,"column":13}},"51":{"start":{"line":52,"column":0},"end":{"line":52,"column":23}},"52":{"start":{"line":53,"column":0},"end":{"line":53,"column":8}},"53":{"start":{"line":54,"column":0},"end":{"line":54,"column":6}},"54":{"start":{"line":55,"column":0},"end":{"line":55,"column":4}},"55":{"start":{"line":56,"column":0},"end":{"line":56,"column":2}}},"s":{"2":1,"3":1,"4":1,"5":1,"6":1,"7":1,"8":1,"9":1,"10":1,"11":1,"12":1,"13":1,"14":1,"15":1,"16":1,"17":1,"18":1,"19":1,"20":1,"21":1,"22":1,"23":1,"24":1,"25":1,"26":1,"27":1,"28":1,"29":1,"30":1,"31":1,"32":1,"33":1,"34":1,"35":1,"36":1,"37":1,"38":1,"39":1,"40":1,"41":1,"42":1,"43":1,"44":1,"45":1,"46":1,"47":1,"48":1,"49":1,"50":1,"51":1,"52":1,"53":1,"54":1,"55":1},"branchMap":{},"b":{},"fnMap":{},"f":{}}
,"/Users/aliaksa/work/Обучение и Курсы/react/2025/2025 Summer/my-react-project/src/types_interfaces/interfaces.tsx": {"path":"/Users/aliaksa/work/Обучение и Курсы/react/2025/2025 Summer/my-react-project/src/types_interfaces/interfaces.tsx","all":true,"statementMap":{"0":{"start":{"line":1,"column":0},"end":{"line":1,"column":26}},"1":{"start":{"line":2,"column":0},"end":{"line":2,"column":15}},"2":{"start":{"line":3,"column":0},"end":{"line":3,"column":12}},"3":{"start":{"line":4,"column":0},"end":{"line":4,"column":26}},"4":{"start":{"line":5,"column":0},"end":{"line":5,"column":4}},"5":{"start":{"line":6,"column":0},"end":{"line":6,"column":17}},"6":{"start":{"line":7,"column":0},"end":{"line":7,"column":17}},"7":{"start":{"line":8,"column":0},"end":{"line":8,"column":10}},"8":{"start":{"line":9,"column":0},"end":{"line":9,"column":11}},"9":{"start":{"line":10,"column":0},"end":{"line":10,"column":19}},"10":{"start":{"line":11,"column":0},"end":{"line":11,"column":6}},"11":{"start":{"line":12,"column":0},"end":{"line":12,"column":6}},"12":{"start":{"line":13,"column":0},"end":{"line":13,"column":1}},"13":{"start":{"line":14,"column":0},"end":{"line":14,"column":31}},"14":{"start":{"line":15,"column":0},"end":{"line":15,"column":15}},"15":{"start":{"line":16,"column":0},"end":{"line":16,"column":14}},"16":{"start":{"line":17,"column":0},"end":{"line":17,"column":1}}},"s":{"0":0,"1":0,"2":0,"3":0,"4":0,"5":0,"6":0,"7":0,"8":0,"9":0,"10":0,"11":0,"12":0,"13":0,"14":0,"15":0,"16":0},"branchMap":{"0":{"type":"branch","line":1,"loc":{"start":{"line":1,"column":0},"end":{"line":17,"column":1}},"locations":[{"start":{"line":1,"column":0},"end":{"line":17,"column":1}}]}},"b":{"0":[0]},"fnMap":{"0":{"name":"(empty-report)","decl":{"start":{"line":1,"column":0},"end":{"line":17,"column":1}},"loc":{"start":{"line":1,"column":0},"end":{"line":17,"column":1}},"line":1}},"f":{"0":0}}
}
